                                                                                                                        
>>>>>>>>>>>>>>>>>>>>>>>>>>>>>>>>>>>>>>>>>>>>>>>>>>>>>>>>>>>>>>>>>>>>>>>>>>>>>>>>>>>>>>>>>>>>>>>>>>>>>>>>>>>>>>>>>>>>>>>>
2024-04-07 13:49:37,766 - INFO - START cancer_treatment_modalities =============================================
2024-04-07 13:49:37,766 - INFO - START cancer_treatment_modalities Start Time = 2024-04-07 13:49:37
2024-04-07 13:49:37,766 - INFO - cancer_treatment_modalities Step 0 - Initialize the configuration file parser
2024-04-07 13:49:37,767 - INFO - Process cancer_treatment_modalities Step 0 - Initializing and starting Logging Process.
2024-04-07 13:49:37,875 - INFO - Imported existing <module 'comtypes.gen' from 'C:\\Users\\josep\\anaconda3\\lib\\site-packages\\comtypes\\gen\\__init__.py'>
2024-04-07 13:49:37,875 - INFO - Using writeable comtypes cache directory: 'C:\Users\josep\anaconda3\lib\site-packages\comtypes\gen'
2024-04-07 13:51:13,123 - INFO - PERFORMANCE cancer_treatment_modalities The total process duration was:95.36
2024-04-07 13:51:13,123 - INFO - PERFORMANCE cancer_treatment_modalities Stop Time = 2024-04-07 13:51:13
2024-04-07 13:51:13,123 - INFO - PERFORMANCE cancer_treatment_modalities Low process duration less than 3 minutes:95.36
2024-04-07 13:51:13,123 - INFO - PERFORMANCE cancer_treatment_modalities Performance optimization is optional
2024-04-07 13:51:13,123 - INFO - END cancer_treatment_modalities =============================================

<<<<<<<<<<<<<<<<<<<<<<<<<<<<<<<<<<<<<<<<<<<<<<<<<<<<<<<<<<<<<<<<<<<<<<<<<<<<<<<<<<<<<<<<<<<<<<<<<<<<<<<<<<<<<<<<<<<<<<<<
                                                                                                                        
                                                                                                                        
>>>>>>>>>>>>>>>>>>>>>>>>>>>>>>>>>>>>>>>>>>>>>>>>>>>>>>>>>>>>>>>>>>>>>>>>>>>>>>>>>>>>>>>>>>>>>>>>>>>>>>>>>>>>>>>>>>>>>>>>
2024-04-07 14:08:03,804 - INFO - START cancer_treatment_modalities =============================================
2024-04-07 14:08:03,804 - INFO - START cancer_treatment_modalities Start Time = 2024-04-07 14:08:03
2024-04-07 14:08:03,804 - INFO - cancer_treatment_modalities Step 0 - Initialize the configuration file parser
2024-04-07 14:08:03,805 - INFO - Process cancer_treatment_modalities Step 0 - Initializing and starting Logging Process.
2024-04-07 14:08:03,912 - INFO - Imported existing <module 'comtypes.gen' from 'C:\\Users\\josep\\anaconda3\\lib\\site-packages\\comtypes\\gen\\__init__.py'>
2024-04-07 14:08:03,913 - INFO - Using writeable comtypes cache directory: 'C:\Users\josep\anaconda3\lib\site-packages\comtypes\gen'
2024-04-07 14:09:39,457 - INFO - PERFORMANCE cancer_treatment_modalities The total process duration was:95.65
2024-04-07 14:09:39,457 - INFO - PERFORMANCE cancer_treatment_modalities Stop Time = 2024-04-07 14:09:39
2024-04-07 14:09:39,457 - INFO - PERFORMANCE cancer_treatment_modalities Low process duration less than 3 minutes:95.65
2024-04-07 14:09:39,457 - INFO - PERFORMANCE cancer_treatment_modalities Performance optimization is optional
2024-04-07 14:09:39,458 - INFO - END cancer_treatment_modalities =============================================

<<<<<<<<<<<<<<<<<<<<<<<<<<<<<<<<<<<<<<<<<<<<<<<<<<<<<<<<<<<<<<<<<<<<<<<<<<<<<<<<<<<<<<<<<<<<<<<<<<<<<<<<<<<<<<<<<<<<<<<<
                                                                                                                        
